<?xml version="1.0" encoding="UTF-8"?>
<!-- Generated by org.testng.reporters.JUnitXMLReporter -->
<testsuite hostname="umesh" ignored="1" name="validating user login and managerHomePage title(failed)(failed)" tests="1" failures="0" timestamp="2020-09-19T14:43:13 IST" time="78.956" errors="0">
  <testcase name="@BeforeTest getDriver" time="78.47" classname="com.netBankingTestCases.TC_LoginTest_001">
    <failure type="org.openqa.selenium.WebDriverException" message="chrome not reachable
Build info: version: &amp;apos;3.141.59&amp;apos;, revision: &amp;apos;e82be7d358&amp;apos;, time: &amp;apos;2018-11-14T08:17:03&amp;apos;
System info: host: &amp;apos;UMESH&amp;apos;, ip: &amp;apos;192.168.56.1&amp;apos;, os.name: &amp;apos;Windows 10&amp;apos;, os.arch: &amp;apos;amd64&amp;apos;, os.version: &amp;apos;10.0&amp;apos;, java.version: &amp;apos;1.8.0_251&amp;apos;
Driver info: driver.version: ChromeDriver
remote stacktrace: Backtrace:
	Ordinal0 [0x007087E3+2852835]
	Ordinal0 [0x005F5BB1+1727409]
	Ordinal0 [0x004CE362+516962]
	Ordinal0 [0x004C7CBA+490682]
	Ordinal0 [0x00460786+67462]
	Ordinal0 [0x0045D3A0+54176]
	Ordinal0 [0x0047D9F7+186871]
	Ordinal0 [0x0047D7FD+186365]
	Ordinal0 [0x0047B70B+177931]
	Ordinal0 [0x00462584+75140]
	Ordinal0 [0x00463650+79440]
	Ordinal0 [0x004635E9+79337]
	Ordinal0 [0x0060AD5C+1813852]
	GetHandleVerifier [0x0082C616+1075574]
	GetHandleVerifier [0x0082C367+1074887]
	GetHandleVerifier [0x00837497+1120247]
	GetHandleVerifier [0x0082CC16+1077110]
	Ordinal0 [0x00603206+1782278]
	Ordinal0 [0x0060C3BB+1819579]
	Ordinal0 [0x0060C523+1819939]
	Ordinal0 [0x00622B45+1911621]
	BaseThreadInitThunk [0x76D36359+25]
	RtlGetAppContainerNamedObjectPath [0x776E7C24+228]
	RtlGetAppContainerNamedObjectPath [0x776E7BF4+180]
">
      <![CDATA[org.openqa.selenium.WebDriverException: chrome not reachable
Build info: version: '3.141.59', revision: 'e82be7d358', time: '2018-11-14T08:17:03'
System info: host: 'UMESH', ip: '192.168.56.1', os.name: 'Windows 10', os.arch: 'amd64', os.version: '10.0', java.version: '1.8.0_251'
Driver info: driver.version: ChromeDriver
remote stacktrace: Backtrace:
Ordinal0 [0x007087E3+2852835]
Ordinal0 [0x005F5BB1+1727409]
Ordinal0 [0x004CE362+516962]
Ordinal0 [0x004C7CBA+490682]
Ordinal0 [0x00460786+67462]
Ordinal0 [0x0045D3A0+54176]
Ordinal0 [0x0047D9F7+186871]
Ordinal0 [0x0047D7FD+186365]
Ordinal0 [0x0047B70B+177931]
Ordinal0 [0x00462584+75140]
Ordinal0 [0x00463650+79440]
Ordinal0 [0x004635E9+79337]
Ordinal0 [0x0060AD5C+1813852]
GetHandleVerifier [0x0082C616+1075574]
GetHandleVerifier [0x0082C367+1074887]
GetHandleVerifier [0x00837497+1120247]
GetHandleVerifier [0x0082CC16+1077110]
Ordinal0 [0x00603206+1782278]
Ordinal0 [0x0060C3BB+1819579]
Ordinal0 [0x0060C523+1819939]
Ordinal0 [0x00622B45+1911621]
BaseThreadInitThunk [0x76D36359+25]
RtlGetAppContainerNamedObjectPath [0x776E7C24+228]
RtlGetAppContainerNamedObjectPath [0x776E7BF4+180]

at org.openqa.selenium.remote.W3CHandshakeResponse.lambda$errorHandler$0(W3CHandshakeResponse.java:62)
at org.openqa.selenium.remote.HandshakeResponse.lambda$getResponseFunction$0(HandshakeResponse.java:30)
at org.openqa.selenium.remote.ProtocolHandshake.lambda$createSession$0(ProtocolHandshake.java:126)
at java.util.stream.ReferencePipeline$3$1.accept(ReferencePipeline.java:193)
at java.util.Spliterators$ArraySpliterator.tryAdvance(Spliterators.java:958)
at java.util.stream.ReferencePipeline.forEachWithCancel(ReferencePipeline.java:126)
at java.util.stream.AbstractPipeline.copyIntoWithCancel(AbstractPipeline.java:499)
at java.util.stream.AbstractPipeline.copyInto(AbstractPipeline.java:486)
at java.util.stream.AbstractPipeline.wrapAndCopyInto(AbstractPipeline.java:472)
at java.util.stream.FindOps$FindOp.evaluateSequential(FindOps.java:152)
at java.util.stream.AbstractPipeline.evaluate(AbstractPipeline.java:234)
at java.util.stream.ReferencePipeline.findFirst(ReferencePipeline.java:464)
at org.openqa.selenium.remote.ProtocolHandshake.createSession(ProtocolHandshake.java:128)
at org.openqa.selenium.remote.ProtocolHandshake.createSession(ProtocolHandshake.java:74)
at org.openqa.selenium.remote.HttpCommandExecutor.execute(HttpCommandExecutor.java:136)
at org.openqa.selenium.remote.service.DriverCommandExecutor.execute(DriverCommandExecutor.java:83)
at org.openqa.selenium.remote.RemoteWebDriver.execute(RemoteWebDriver.java:552)
at org.openqa.selenium.remote.RemoteWebDriver.startSession(RemoteWebDriver.java:213)
at org.openqa.selenium.remote.RemoteWebDriver.<init>(RemoteWebDriver.java:131)
at org.openqa.selenium.chrome.ChromeDriver.<init>(ChromeDriver.java:181)
at org.openqa.selenium.chrome.ChromeDriver.<init>(ChromeDriver.java:168)
at org.openqa.selenium.chrome.ChromeDriver.<init>(ChromeDriver.java:123)
at netBankingUtilities.BaseClass.setUp(BaseClass.java:44)
at com.netBankingTestCases.TC_LoginTest_001.getDriver(TC_LoginTest_001.java:31)
at java.util.concurrent.FutureTask.run(FutureTask.java:266)
at java.util.concurrent.ThreadPoolExecutor.runWorker(ThreadPoolExecutor.java:1149)
at java.util.concurrent.ThreadPoolExecutor$Worker.run(ThreadPoolExecutor.java:624)
at java.lang.Thread.run(Thread.java:748)
... Removed 19 stack frames]]>
    </failure>
  </testcase> <!-- @BeforeTest getDriver -->
  <testcase name="@BeforeTest getDriver" time="78.47" classname="com.netBankingTestCases.TC_ManagerIDTest">
    <failure type="org.openqa.selenium.WebDriverException" message="chrome not reachable
Build info: version: &amp;apos;3.141.59&amp;apos;, revision: &amp;apos;e82be7d358&amp;apos;, time: &amp;apos;2018-11-14T08:17:03&amp;apos;
System info: host: &amp;apos;UMESH&amp;apos;, ip: &amp;apos;192.168.56.1&amp;apos;, os.name: &amp;apos;Windows 10&amp;apos;, os.arch: &amp;apos;amd64&amp;apos;, os.version: &amp;apos;10.0&amp;apos;, java.version: &amp;apos;1.8.0_251&amp;apos;
Driver info: driver.version: ChromeDriver
remote stacktrace: Backtrace:
	Ordinal0 [0x007087E3+2852835]
	Ordinal0 [0x005F5BB1+1727409]
	Ordinal0 [0x004CE362+516962]
	Ordinal0 [0x004C7CBA+490682]
	Ordinal0 [0x00460786+67462]
	Ordinal0 [0x0045D3A0+54176]
	Ordinal0 [0x0047D9F7+186871]
	Ordinal0 [0x0047D7FD+186365]
	Ordinal0 [0x0047B70B+177931]
	Ordinal0 [0x00462584+75140]
	Ordinal0 [0x00463650+79440]
	Ordinal0 [0x004635E9+79337]
	Ordinal0 [0x0060AD5C+1813852]
	GetHandleVerifier [0x0082C616+1075574]
	GetHandleVerifier [0x0082C367+1074887]
	GetHandleVerifier [0x00837497+1120247]
	GetHandleVerifier [0x0082CC16+1077110]
	Ordinal0 [0x00603206+1782278]
	Ordinal0 [0x0060C3BB+1819579]
	Ordinal0 [0x0060C523+1819939]
	Ordinal0 [0x00622B45+1911621]
	BaseThreadInitThunk [0x76D36359+25]
	RtlGetAppContainerNamedObjectPath [0x776E7C24+228]
	RtlGetAppContainerNamedObjectPath [0x776E7BF4+180]
">
      <![CDATA[org.openqa.selenium.WebDriverException: chrome not reachable
Build info: version: '3.141.59', revision: 'e82be7d358', time: '2018-11-14T08:17:03'
System info: host: 'UMESH', ip: '192.168.56.1', os.name: 'Windows 10', os.arch: 'amd64', os.version: '10.0', java.version: '1.8.0_251'
Driver info: driver.version: ChromeDriver
remote stacktrace: Backtrace:
Ordinal0 [0x007087E3+2852835]
Ordinal0 [0x005F5BB1+1727409]
Ordinal0 [0x004CE362+516962]
Ordinal0 [0x004C7CBA+490682]
Ordinal0 [0x00460786+67462]
Ordinal0 [0x0045D3A0+54176]
Ordinal0 [0x0047D9F7+186871]
Ordinal0 [0x0047D7FD+186365]
Ordinal0 [0x0047B70B+177931]
Ordinal0 [0x00462584+75140]
Ordinal0 [0x00463650+79440]
Ordinal0 [0x004635E9+79337]
Ordinal0 [0x0060AD5C+1813852]
GetHandleVerifier [0x0082C616+1075574]
GetHandleVerifier [0x0082C367+1074887]
GetHandleVerifier [0x00837497+1120247]
GetHandleVerifier [0x0082CC16+1077110]
Ordinal0 [0x00603206+1782278]
Ordinal0 [0x0060C3BB+1819579]
Ordinal0 [0x0060C523+1819939]
Ordinal0 [0x00622B45+1911621]
BaseThreadInitThunk [0x76D36359+25]
RtlGetAppContainerNamedObjectPath [0x776E7C24+228]
RtlGetAppContainerNamedObjectPath [0x776E7BF4+180]

at org.openqa.selenium.remote.W3CHandshakeResponse.lambda$errorHandler$0(W3CHandshakeResponse.java:62)
at org.openqa.selenium.remote.HandshakeResponse.lambda$getResponseFunction$0(HandshakeResponse.java:30)
at org.openqa.selenium.remote.ProtocolHandshake.lambda$createSession$0(ProtocolHandshake.java:126)
at java.util.stream.ReferencePipeline$3$1.accept(ReferencePipeline.java:193)
at java.util.Spliterators$ArraySpliterator.tryAdvance(Spliterators.java:958)
at java.util.stream.ReferencePipeline.forEachWithCancel(ReferencePipeline.java:126)
at java.util.stream.AbstractPipeline.copyIntoWithCancel(AbstractPipeline.java:499)
at java.util.stream.AbstractPipeline.copyInto(AbstractPipeline.java:486)
at java.util.stream.AbstractPipeline.wrapAndCopyInto(AbstractPipeline.java:472)
at java.util.stream.FindOps$FindOp.evaluateSequential(FindOps.java:152)
at java.util.stream.AbstractPipeline.evaluate(AbstractPipeline.java:234)
at java.util.stream.ReferencePipeline.findFirst(ReferencePipeline.java:464)
at org.openqa.selenium.remote.ProtocolHandshake.createSession(ProtocolHandshake.java:128)
at org.openqa.selenium.remote.ProtocolHandshake.createSession(ProtocolHandshake.java:74)
at org.openqa.selenium.remote.HttpCommandExecutor.execute(HttpCommandExecutor.java:136)
at org.openqa.selenium.remote.service.DriverCommandExecutor.execute(DriverCommandExecutor.java:83)
at org.openqa.selenium.remote.RemoteWebDriver.execute(RemoteWebDriver.java:552)
at org.openqa.selenium.remote.RemoteWebDriver.startSession(RemoteWebDriver.java:213)
at org.openqa.selenium.remote.RemoteWebDriver.<init>(RemoteWebDriver.java:131)
at org.openqa.selenium.chrome.ChromeDriver.<init>(ChromeDriver.java:181)
at org.openqa.selenium.chrome.ChromeDriver.<init>(ChromeDriver.java:168)
at org.openqa.selenium.chrome.ChromeDriver.<init>(ChromeDriver.java:123)
at netBankingUtilities.BaseClass.setUp(BaseClass.java:44)
at com.netBankingTestCases.TC_ManagerIDTest.getDriver(TC_ManagerIDTest.java:29)
at java.util.concurrent.FutureTask.run(FutureTask.java:266)
at java.util.concurrent.ThreadPoolExecutor.runWorker(ThreadPoolExecutor.java:1149)
at java.util.concurrent.ThreadPoolExecutor$Worker.run(ThreadPoolExecutor.java:624)
at java.lang.Thread.run(Thread.java:748)
... Removed 19 stack frames]]>
    </failure>
  </testcase> <!-- @BeforeTest getDriver -->
  <testcase name="@AfterClass tearDown" time="-1.600506792689E9" classname="netBankingUtilities.BaseClass">
    <skipped/>
  </testcase> <!-- @AfterClass tearDown -->
  <testcase name="titleTest" time="0.0" classname="com.netBankingTestCases.TC_LoginTest_001">
    <skipped/>
  </testcase> <!-- titleTest -->
  <testcase name="loginTest" time="0.0" classname="com.netBankingTestCases.TC_LoginTest_001">
    <ignored/>
  </testcase> <!-- loginTest -->
</testsuite> <!-- validating user login and managerHomePage title(failed)(failed) -->
